<?xml version="1.0" encoding="UTF-8"?>
<testsuite name="com.anderson.softserve.controller.DuplicateControllerTest" tests="1" skipped="0" failures="0" errors="0" timestamp="2025-02-10T20:29:46" hostname="MacBook-Pro-de-Anderson-2.local" time="0.73">
  <properties/>
  <testcase name="testNoDuplicate_Success()" classname="com.anderson.softserve.controller.DuplicateControllerTest" time="0.73"/>
  <system-out><![CDATA[]]></system-out>
  <system-err><![CDATA[WARNING: A Java agent has been loaded dynamically (/Users/andersq/.m2/repository/net/bytebuddy/byte-buddy-agent/1.10.22/byte-buddy-agent-1.10.22.jar)
WARNING: If a serviceability tool is in use, please run with -XX:+EnableDynamicAgentLoading to hide this warning
WARNING: If a serviceability tool is not in use, please run with -Djdk.instrument.traceUsage for more information
WARNING: Dynamic loading of agents will be disallowed by default in a future release
]]></system-err>
</testsuite>
